<?xml version="1.0" encoding="UTF-8"?>
<!-- Generated by org.testng.reporters.JUnitReportReporter -->
<testsuite hostname="SSSLT025" failures="0" tests="1" name="loginPage.OSReport" time="11.434" errors="0" timestamp="2024-03-22T14:32:56 IST" skipped="0">
  <testcase classname="loginPage.OSReport" name="TC25" time="11.434"/>
</testsuite> <!-- loginPage.OSReport -->
