<?xml version="1.0" encoding="UTF-8"?>
<!-- Generated by org.testng.reporters.JUnitReportReporter -->
<testsuite hostname="SSSLT025" failures="0" tests="1" name="loginPage.Tickets" time="11.391" errors="0" timestamp="2024-03-26T15:07:33 IST" skipped="0">
  <testcase classname="loginPage.Tickets" name="TC14" time="11.391"/>
</testsuite> <!-- loginPage.Tickets -->
