<?xml version="1.0" encoding="UTF-8"?>
<!-- Generated by org.testng.reporters.JUnitReportReporter -->
<testsuite hostname="SSSLT025" failures="0" tests="10" name="loginPage.LoginIn" time="75.153" errors="0" timestamp="2024-03-06T15:01:26 IST" skipped="1">
  <testcase classname="loginPage.LoginIn" name="Login_TC1" time="1.288"/>
  <testcase classname="loginPage.LoginIn" name="Login_TC2" time="1.459"/>
  <testcase classname="loginPage.LoginIn" name="Login_TC3" time="1.480"/>
  <testcase classname="loginPage.LoginIn" name="Login_TC4" time="1.407"/>
  <testcase classname="loginPage.LoginIn" name="Login_TC5" time="1.385"/>
  <testcase classname="loginPage.LoginIn" name="Login_TC6" time="31.902"/>
  <testcase classname="loginPage.LoginIn" name="Login_TC7" time="31.826"/>
  <testcase classname="loginPage.LoginIn" name="Login_TC9" time="1.347"/>
  <testcase classname="loginPage.LoginIn" name="Login_TC10" time="3.059"/>
  <testcase classname="loginPage.LoginIn" name="Login_TC8">
    <skipped/>
  </testcase> <!-- Login_TC8 -->
</testsuite> <!-- loginPage.LoginIn -->
