<?xml version="1.0" encoding="UTF-8"?>
<!-- Generated by org.testng.reporters.JUnitReportReporter -->
<testsuite hostname="SSSLT025" failures="0" tests="1" name="loginPage.BankSetup" time="35.718" errors="0" timestamp="2024-03-12T10:49:38 IST" skipped="0">
  <testcase classname="loginPage.BankSetup" name="BankSetupClick" time="35.718"/>
</testsuite> <!-- loginPage.BankSetup -->
