<?xml version="1.0" encoding="UTF-8"?>
<!-- Generated by org.testng.reporters.JUnitReportReporter -->
<testsuite hostname="SSSLT025" failures="0" tests="1" name="org.utility.BaseClass" time="2.026" errors="0" timestamp="2024-03-12T10:41:43 IST" skipped="0">
  <testcase classname="org.utility.BaseClass" name="launch" time="2.026"/>
</testsuite> <!-- org.utility.BaseClass -->
