<?xml version="1.0" encoding="UTF-8"?>
<!-- Generated by org.testng.reporters.JUnitReportReporter -->
<testsuite hostname="SSSLT025" failures="0" tests="1" name="loginPage.CustomerGroup" time="12.881" errors="0" timestamp="2024-03-15T14:32:53 IST" skipped="0">
  <testcase classname="loginPage.CustomerGroup" name="TC05" time="12.881"/>
</testsuite> <!-- loginPage.CustomerGroup -->
