<?xml version="1.0" encoding="UTF-8"?>
<!-- Generated by org.testng.reporters.JUnitReportReporter -->
<testsuite hostname="SSSLT025" failures="0" tests="2" name="loginPage.InvestorSetup" time="12.389" errors="0" timestamp="2024-03-15T12:49:15 IST" skipped="1">
  <testcase classname="loginPage.InvestorSetup" name="TC34" time="12.389"/>
  <testcase classname="loginPage.InvestorSetup" name="TC23">
    <skipped/>
  </testcase> <!-- TC23 -->
</testsuite> <!-- loginPage.InvestorSetup -->
