<?xml version="1.0" encoding="UTF-8"?>
<!-- Generated by org.testng.reporters.JUnitReportReporter -->
<testsuite hostname="SSSLT025" failures="0" tests="11" name="allPages.Login" time="145.092" errors="0" timestamp="2024-04-17T10:58:46 IST" skipped="1">
  <testcase classname="allPages.Login" name="Login_TC1" time="6.808"/>
  <testcase classname="allPages.Login" name="Login_TC2" time="6.745"/>
  <testcase classname="allPages.Login" name="Login_TC3" time="6.682"/>
  <testcase classname="allPages.Login" name="Login_TC4" time="6.756"/>
  <testcase classname="allPages.Login" name="Login_TC5" time="6.908"/>
  <testcase classname="allPages.Login" name="Login_TC6" time="37.255"/>
  <testcase classname="allPages.Login" name="Login_TC7" time="37.706"/>
  <testcase classname="allPages.Login" name="Login_TC9" time="6.806"/>
  <testcase classname="allPages.Login" name="Login_TC10" time="7.701"/>
  <testcase classname="allPages.Login" name="Login_T11" time="21.725"/>
  <testcase classname="allPages.Login" name="Login_TC8">
    <skipped/>
  </testcase> <!-- Login_TC8 -->
</testsuite> <!-- allPages.Login -->
