<?xml version="1.0" encoding="UTF-8"?>
<!-- Generated by org.testng.reporters.JUnitReportReporter -->
<testsuite hostname="SSSLT025" failures="0" tests="7" name="loginPage.CustomerList" time="10.315" errors="0" timestamp="2024-03-25T17:34:12 IST" skipped="6">
  <testcase classname="loginPage.CustomerList" name="TC06" time="10.315"/>
  <testcase classname="loginPage.CustomerList" name="TC38">
    <skipped/>
  </testcase> <!-- TC38 -->
  <testcase classname="loginPage.CustomerList" name="TC10">
    <skipped/>
  </testcase> <!-- TC10 -->
  <testcase classname="loginPage.CustomerList" name="TC43">
    <skipped/>
  </testcase> <!-- TC43 -->
  <testcase classname="loginPage.CustomerList" name="TC31">
    <skipped/>
  </testcase> <!-- TC31 -->
  <testcase classname="loginPage.CustomerList" name="TC30">
    <skipped/>
  </testcase> <!-- TC30 -->
  <testcase classname="loginPage.CustomerList" name="TC29">
    <skipped/>
  </testcase> <!-- TC29 -->
</testsuite> <!-- loginPage.CustomerList -->
