<?xml version="1.0" encoding="UTF-8"?>
<!-- Generated by org.testng.reporters.JUnitReportReporter -->
<testsuite hostname="SSSLT025" failures="0" tests="3" name="loginPage.sample" time="0.008" errors="0" timestamp="2024-03-18T14:38:07 IST" skipped="0">
  <testcase classname="loginPage.sample" name="a" time="0.006"/>
  <testcase classname="loginPage.sample" name="ab" time="0.001"/>
  <testcase classname="loginPage.sample" name="aa" time="0.001"/>
</testsuite> <!-- loginPage.sample -->
