<?xml version="1.0" encoding="UTF-8"?>
<!-- Generated by org.testng.reporters.JUnitReportReporter -->
<testsuite hostname="SSSLT025" failures="0" tests="1" name="loginPage.ViewUser" time="19.795" errors="0" timestamp="2024-03-08T14:10:26 IST" skipped="0">
  <testcase classname="loginPage.ViewUser" name="TC33" time="19.795"/>
</testsuite> <!-- loginPage.ViewUser -->
