<?xml version="1.0" encoding="UTF-8"?>
<!-- Generated by org.testng.reporters.JUnitReportReporter -->
<testsuite hostname="SSSLT025" failures="0" tests="1" name="loginPage.CheckPayments" time="23.341" errors="0" timestamp="2024-03-26T12:22:31 IST" skipped="0">
  <testcase classname="loginPage.CheckPayments" name="TC05" time="23.341"/>
</testsuite> <!-- loginPage.CheckPayments -->
