<?xml version="1.0" encoding="UTF-8"?>
<!-- Generated by org.testng.reporters.JUnitReportReporter -->
<testsuite hostname="SSSLT025" failures="0" tests="1" name="loginPage.CustomerACHUpload" time="12.757" errors="0" timestamp="2024-03-21T12:43:08 IST" skipped="0">
  <testcase classname="loginPage.CustomerACHUpload" name="TC11" time="12.757"/>
</testsuite> <!-- loginPage.CustomerACHUpload -->
