<?xml version="1.0" encoding="UTF-8"?>
<!-- Generated by org.testng.reporters.JUnitReportReporter -->
<testsuite hostname="SSSLT025" failures="0" tests="10" name="loginPage.Login" time="79.027" errors="0" timestamp="2024-03-06T17:47:53 IST" skipped="1">
  <testcase classname="loginPage.Login" name="Login_TC1" time="1.696"/>
  <testcase classname="loginPage.Login" name="Login_TC2" time="1.853"/>
  <testcase classname="loginPage.Login" name="Login_TC3" time="1.664"/>
  <testcase classname="loginPage.Login" name="Login_TC4" time="1.678"/>
  <testcase classname="loginPage.Login" name="Login_TC5" time="1.787"/>
  <testcase classname="loginPage.Login" name="Login_TC6" time="32.274"/>
  <testcase classname="loginPage.Login" name="Login_TC7" time="32.354"/>
  <testcase classname="loginPage.Login" name="Login_TC9" time="2.143"/>
  <testcase classname="loginPage.Login" name="Login_TC10" time="3.578"/>
  <testcase classname="loginPage.Login" name="Login_TC8">
    <skipped/>
  </testcase> <!-- Login_TC8 -->
</testsuite> <!-- loginPage.Login -->
