<?xml version="1.0" encoding="UTF-8"?>
<!-- Generated by org.testng.reporters.JUnitReportReporter -->
<testsuite hostname="SSSLT025" failures="0" tests="1" name="loginPage.InstallerSetup" time="8.476" errors="0" timestamp="2024-03-13T15:17:45 IST" skipped="0">
  <testcase classname="loginPage.InstallerSetup" name="TC25" time="8.476"/>
</testsuite> <!-- loginPage.InstallerSetup -->
