<?xml version="1.0" encoding="UTF-8"?>
<!-- Generated by org.testng.reporters.JUnitReportReporter -->
<testsuite hostname="SSSLT025" failures="0" tests="40" name="allPages.BankSetup" time="714.601" errors="0" timestamp="2024-04-17T10:58:45 IST" skipped="1">
  <testcase classname="allPages.BankSetup" name="EventLog" time="13.484"/>
  <testcase classname="allPages.BankSetup" name="BankSetupClick" time="10.804"/>
  <testcase classname="allPages.BankSetup" name="ExceptionLog" time="13.899"/>
  <testcase classname="allPages.BankSetup" name="IPWhitelist" time="13.626"/>
  <testcase classname="allPages.BankSetup" name="AuthorizedNetClick" time="14.587"/>
  <testcase classname="allPages.BankSetup" name="UserLog" time="13.205"/>
  <testcase classname="allPages.BankSetup" name="TC01" time="17.083"/>
  <testcase classname="allPages.BankSetup" name="TC02" time="15.406"/>
  <testcase classname="allPages.BankSetup" name="TC03" time="14.774"/>
  <testcase classname="allPages.BankSetup" name="TC04" time="15.124"/>
  <testcase classname="allPages.BankSetup" name="TC05" time="18.886"/>
  <testcase classname="allPages.BankSetup" name="TC06" time="22.911"/>
  <testcase classname="allPages.BankSetup" name="TC07" time="18.994"/>
  <testcase classname="allPages.BankSetup" name="TC08" time="20.383"/>
  <testcase classname="allPages.BankSetup" name="TC09" time="15.005"/>
  <testcase classname="allPages.BankSetup" name="TC10" time="14.512"/>
  <testcase classname="allPages.BankSetup" name="TC11" time="20.955"/>
  <testcase classname="allPages.BankSetup" name="TC12" time="20.471"/>
  <testcase classname="allPages.BankSetup" name="TC13" time="17.648"/>
  <testcase classname="allPages.BankSetup" name="TC14" time="19.431"/>
  <testcase classname="allPages.BankSetup" name="TC15" time="16.646"/>
  <testcase classname="allPages.BankSetup" name="TC16" time="19.486"/>
  <testcase classname="allPages.BankSetup" name="TC16" time="43.817">
    <skipped/>
  </testcase> <!-- TC16 -->
  <testcase classname="allPages.BankSetup" name="TC17" time="16.465"/>
  <testcase classname="allPages.BankSetup" name="TC18" time="17.771"/>
  <testcase classname="allPages.BankSetup" name="TC19" time="17.684"/>
  <testcase classname="allPages.BankSetup" name="TC20" time="17.244"/>
  <testcase classname="allPages.BankSetup" name="TC21" time="15.701"/>
  <testcase classname="allPages.BankSetup" name="TC22" time="18.031"/>
  <testcase classname="allPages.BankSetup" name="TC23" time="22.250"/>
  <testcase classname="allPages.BankSetup" name="TC24" time="21.109"/>
  <testcase classname="allPages.BankSetup" name="TC25" time="16.837"/>
  <testcase classname="allPages.BankSetup" name="TC26" time="21.602"/>
  <testcase classname="allPages.BankSetup" name="TC27" time="15.667"/>
  <testcase classname="allPages.BankSetup" name="TC28" time="16.819"/>
  <testcase classname="allPages.BankSetup" name="TC29" time="15.739"/>
  <testcase classname="allPages.BankSetup" name="TC30" time="13.759"/>
  <testcase classname="allPages.BankSetup" name="TC31" time="19.063"/>
  <testcase classname="allPages.BankSetup" name="TC32" time="25.147"/>
  <testcase classname="allPages.BankSetup" name="TC33" time="12.576"/>
</testsuite> <!-- allPages.BankSetup -->
