<?xml version="1.0" encoding="UTF-8"?>
<!-- Generated by org.testng.reporters.JUnitReportReporter -->
<testsuite hostname="SSSLT025" failures="0" tests="7" name="allPages.CustomerList" time="29.303" errors="0" timestamp="2024-03-26T17:39:34 IST" skipped="6">
  <testcase classname="allPages.CustomerList" name="TC69" time="29.303"/>
  <testcase classname="allPages.CustomerList" name="TC29">
    <skipped/>
  </testcase> <!-- TC29 -->
  <testcase classname="allPages.CustomerList" name="TC38">
    <skipped/>
  </testcase> <!-- TC38 -->
  <testcase classname="allPages.CustomerList" name="TC10">
    <skipped/>
  </testcase> <!-- TC10 -->
  <testcase classname="allPages.CustomerList" name="TC43">
    <skipped/>
  </testcase> <!-- TC43 -->
  <testcase classname="allPages.CustomerList" name="TC31">
    <skipped/>
  </testcase> <!-- TC31 -->
  <testcase classname="allPages.CustomerList" name="TC30">
    <skipped/>
  </testcase> <!-- TC30 -->
</testsuite> <!-- allPages.CustomerList -->
