<?xml version="1.0" encoding="UTF-8"?>
<!-- Generated by org.testng.reporters.JUnitReportReporter -->
<testsuite hostname="SSSLT025" failures="0" tests="2" name="allPages.Login" time="4.730" errors="0" timestamp="2024-03-26T15:18:57 IST" skipped="1">
  <testcase classname="allPages.Login" name="Login_TC9" time="4.730"/>
  <testcase classname="allPages.Login" name="Login_TC8">
    <skipped/>
  </testcase> <!-- Login_TC8 -->
</testsuite> <!-- allPages.Login -->
