<?xml version="1.0" encoding="UTF-8"?>
<!-- Generated by org.testng.reporters.JUnitReportReporter -->
<testsuite hostname="SSSLT025" failures="0" tests="1" name="loginPage.AllReportModules" time="6.125" errors="0" timestamp="2024-03-22T18:11:09 IST" skipped="0">
  <testcase classname="loginPage.AllReportModules" name="ActivityReport" time="6.125"/>
</testsuite> <!-- loginPage.AllReportModules -->
