<?xml version="1.0" encoding="UTF-8"?>
<!-- Generated by org.testng.reporters.JUnitReportReporter -->
<testsuite hostname="SSSLT025" failures="0" tests="1" name="loginPage.Schedulers" time="8.780" errors="0" timestamp="2024-03-25T12:10:48 IST" skipped="0">
  <testcase classname="loginPage.Schedulers" name="TC18" time="8.780"/>
</testsuite> <!-- loginPage.Schedulers -->
