<?xml version="1.0" encoding="UTF-8"?>
<!-- Generated by org.testng.reporters.JUnitReportReporter -->
<testsuite hostname="SSSLT025" failures="0" tests="1" name="loginPage.InvoicePayAndCreate" time="8.850" errors="0" timestamp="2024-03-26T10:51:55 IST" skipped="0">
  <testcase classname="loginPage.InvoicePayAndCreate" name="TC50" time="8.850"/>
</testsuite> <!-- loginPage.InvoicePayAndCreate -->
